生成启动时间为 2017/2/21 12:56:10。
     1>项目“H:\Programming\vs2010\cpp\Win32\CScriptHost\CScriptHost\CScriptHost.vcxproj”在节点 2 上(build 个目标)。
     1>InitializeBuildStatus:
         正在创建“Debug\CScriptHost.unsuccessfulbuild”，因为已指定“AlwaysCreate”。
       ClCompile:
         所有输出均为最新。
         E:\Program Files (x86)\Microsoft Visual Studio 10.0\VC\bin\CL.exe /c /ZI /nologo /W3 /WX- /Od /Oy- /D WIN32 /D _DEBUG /D _CONSOLE /D _UNICODE /D UNICODE /Gm /EHsc /RTC1 /MDd /GS /fp:precise /Zc:wchar_t /Zc:forScope /Yu"StdAfx.h" /Fp"Debug\CScriptHost.pch" /Fo"Debug\\" /Fd"Debug\vc100.pdb" /Gd /TP /analyze- /errorReport:prompt CScriptHost.cpp
         CScriptHost.cpp
     1>h:\programming\vs2010\cpp\win32\cscripthost\cscripthost\cscripthost.cpp(13): warning C4305: “初始化”: 从“double”到“float”截断
     1>h:\programming\vs2010\cpp\win32\cscripthost\cscripthost\cscripthost.cpp(14): warning C4244: “初始化”: 从“float”转换到“unsigned long”，可能丢失数据
     1>h:\programming\vs2010\cpp\win32\cscripthost\cscripthost\cscripthost.cpp(21): warning C4700: 使用了未初始化的局部变量“p”
     1>h:\programming\vs2010\cpp\win32\cscripthost\cscripthost\cscripthost.cpp(22): warning C4700: 使用了未初始化的局部变量“q”
       ManifestResourceCompile:
         所有输出均为最新。
       Link:
         E:\Program Files (x86)\Microsoft Visual Studio 10.0\VC\bin\link.exe /ERRORREPORT:PROMPT /OUT:"H:\Programming\vs2010\cpp\Win32\CScriptHost\Debug\CScriptHost.exe" /INCREMENTAL /NOLOGO kernel32.lib user32.lib gdi32.lib winspool.lib comdlg32.lib advapi32.lib shell32.lib ole32.lib oleaut32.lib uuid.lib odbc32.lib odbccp32.lib /MANIFEST /ManifestFile:"Debug\CScriptHost.exe.intermediate.manifest" /MANIFESTUAC:"level='asInvoker' uiAccess='false'" /DEBUG /PDB:"H:\Programming\vs2010\cpp\Win32\CScriptHost\Debug\CScriptHost.pdb" /SUBSYSTEM:CONSOLE /TLBID:1 /DYNAMICBASE /NXCOMPAT /IMPLIB:"H:\Programming\vs2010\cpp\Win32\CScriptHost\Debug\CScriptHost.lib" /MACHINE:X86 Debug\CScriptHost.exe.embed.manifest.res
         Debug\CScriptHost.obj
         Debug\Function.obj
         Debug\Heap.obj
         Debug\Namespace.obj
         Debug\Stack.obj
         Debug\Statment.obj
         Debug\stdafx.obj
         Debug\Type.obj
         Debug\Var.obj
       Manifest:
         C:\Program Files\Microsoft SDKs\Windows\v7.0A\bin\mt.exe /nologo /verbose /out:"Debug\CScriptHost.exe.embed.manifest" /manifest Debug\CScriptHost.exe.intermediate.manifest
         所有输出均为最新。
       LinkEmbedManifest:
         所有输出均为最新。
         CScriptHost.vcxproj -> H:\Programming\vs2010\cpp\Win32\CScriptHost\Debug\CScriptHost.exe
       FinalizeBuildStatus:
         正在删除文件“Debug\CScriptHost.unsuccessfulbuild”。
         正在对“Debug\CScriptHost.lastbuildstate”执行 Touch 任务。
     1>已完成生成项目“H:\Programming\vs2010\cpp\Win32\CScriptHost\CScriptHost\CScriptHost.vcxproj”(build 个目标)的操作。

生成成功。

已用时间 00:00:01.20
